<?xml version="1.0" encoding="UTF-8"?>
<!-- Generated by org.testng.reporters.JUnitXMLReporter -->
<testsuite ignored="0" hostname="DESKTOP-UUGLLMG" failures="1" tests="1" name="Test" time="13.89" errors="0" timestamp="2021-07-07T02:45:58 IST">
  <testcase classname="switchPratice.End2EProject.validateTitle" name="validateTitleOfNavigationBar" time="13.79">
    <failure type="java.lang.AssertionError" message="expected [Demoo] but found [Demo]">
      <![CDATA[java.lang.AssertionError: expected [Demoo] but found [Demo]
at switchPratice.End2EProject.validateTitle.validateTitleOfNavigationBar(validateTitle.java:21)
at java.base/java.util.ArrayList.forEach(ArrayList.java:1540)
... Removed 33 stack frames]]>
    </failure>
  </testcase> <!-- validateTitleOfNavigationBar -->
</testsuite> <!-- Test -->
